<?xml version="1.0" encoding="UTF-8"?>
<!-- Generated by org.testng.reporters.JUnitReportReporter -->
<testsuite skipped="0" hostname="DESKTOP-NCO37LP" name="com.abc.magento.Demo" tests="1" failures="0" timestamp="06 Mar 2020 07:27:36 GMT" time="0.000" errors="0">
  <testcase name="testCase2" time="0.000" classname="com.abc.magento.Demo"/>
</testsuite> <!-- com.abc.magento.Demo -->
