<?xml version="1.0" encoding="UTF-8"?>
<!-- Generated by org.testng.reporters.JUnitReportReporter -->
<testsuite skipped="0" hostname="DESKTOP-NCO37LP" name="com.abc.TestNG.Include" tests="2" failures="0" timestamp="06 Mar 2020 07:53:41 GMT" time="0.016" errors="0">
  <testcase name="testCase2" time="0.016" classname="com.abc.TestNG.Include"/>
  <testcase name="testCase3" time="0.000" classname="com.abc.TestNG.Include"/>
</testsuite> <!-- com.abc.TestNG.Include -->
