<?xml version="1.0" encoding="UTF-8"?>
<!-- Generated by org.testng.reporters.JUnitReportReporter -->
<testsuite skipped="1" hostname="DESKTOP-NCO37LP" name="com.abc.TestNG.Complete" tests="3" failures="0" timestamp="06 Mar 2020 08:10:37 GMT" time="0.031" errors="0">
  <testcase name="logout" time="0.016" classname="com.abc.TestNG.Complete"/>
  <testcase name="login" time="0.015" classname="com.abc.TestNG.Complete"/>
  <testcase name="testCase5" classname="com.abc.TestNG.Complete">
    <skipped/>
  </testcase> <!-- testCase5 -->
</testsuite> <!-- com.abc.TestNG.Complete -->
