<?xml version="1.0" encoding="UTF-8"?>
<!-- Generated by org.testng.reporters.JUnitReportReporter -->
<testsuite skipped="0" hostname="DESKTOP-NCO37LP" name="com.abc.TestNG.Parameter" tests="1" failures="0" timestamp="06 Mar 2020 08:47:21 GMT" time="80.559" errors="0">
  <testcase name="testCase2" time="80.559" classname="com.abc.TestNG.Parameter"/>
</testsuite> <!-- com.abc.TestNG.Parameter -->
